Fri Mar 13 04:25:05 UTC 2026 | PROMPT: install httpd | CMD: sudo dnf install httpd
Fri Mar 13 04:25:13 UTC 2026 | OUTPUT: Last metadata expiration check: 0:09:15 ago on Fri Mar 13 04:15:50 2026.
Dependencies resolved.
================================================================================
 Package               Arch     Version                     Repository     Size
================================================================================
Installing:
 httpd                 x86_64   2.4.66-1.amzn2023.0.1       amazonlinux    47 k
Installing dependencies:
 apr                   x86_64   1.7.5-1.amzn2023.0.4        amazonlinux   129 k
 apr-util              x86_64   1.6.3-1.amzn2023.0.2        amazonlinux    97 k
 apr-util-lmdb         x86_64   1.6.3-1.amzn2023.0.2        amazonlinux    13 k
 generic-logos-httpd   noarch   18.0.0-12.amzn2023.0.3      amazonlinux    19 k
 httpd-core            x86_64   2.4.66-1.amzn2023.0.1       amazonlinux   1.4 M
 httpd-filesystem      noarch   2.4.66-1.amzn2023.0.1       amazonlinux    13 k
 httpd-tools           x86_64   2.4.66-1.amzn2023.0.1       amazonlinux    81 k
 libbrotli             x86_64   1.0.9-4.amzn2023.0.2        amazonlinux   315 k
 mailcap               noarch   2.1.49-3.amzn2023.0.3       amazonlinux    33 k
Installing weak dependencies:
 apr-util-openssl      x86_64   1.6.3-1.amzn2023.0.2        amazonlinux    15 k
 mod_http2             x86_64   2.0.27-1.amzn2023.0.3       amazonlinux   166 k
 mod_lua               x86_64   2.4.66-1.amzn2023.0.1       amazonlinux    60 k

Transaction Summary
================================================================================
Install  13 Packages

Total download size: 2.4 M
Installed size: 6.9 M
Is this ok [y/N]: Operation aborted.
Fri Mar 13 04:27:38 UTC 2026 | PROMPT: install nmap | CMD: sudo apt install nmap
Fri Mar 13 04:27:38 UTC 2026 | OUTPUT: sudo: apt: command not found
Fri Mar 13 04:38:38 UTC 2026 | PROMPT: inastall ssh | CMD: sudo apt install openssh-server -y
Fri Mar 13 04:38:38 UTC 2026 | OUTPUT: sudo: apt: command not found
